0 info it worked if it ends with ok
1 verbose cli [ '/Users/J/local/node/bin/node',
1 verbose cli   '/Users/J/local/node/bin/npm',
1 verbose cli   'info',
1 verbose cli   'change-treadmill' ]
2 info using npm@1.4.3
3 info using node@v0.10.26
4 verbose url raw change-treadmill
5 verbose url resolving [ 'https://registry.npmjs.org/', './change-treadmill' ]
6 verbose url resolved https://registry.npmjs.org/change-treadmill
7 info trying registry request attempt 1 at 17:17:29
8 http GET https://registry.npmjs.org/change-treadmill
9 http 404 https://registry.npmjs.org/change-treadmill
10 silly registry.get cb [ 404,
10 silly registry.get   { date: 'Sun, 04 May 2014 07:17:31 GMT',
10 silly registry.get     server: 'CouchDB/1.5.0 (Erlang OTP/R14B04)',
10 silly registry.get     'content-type': 'application/json',
10 silly registry.get     via: '1.1 varnish',
10 silly registry.get     'cache-control': 'max-age=0',
10 silly registry.get     'content-length': '52',
10 silly registry.get     'accept-ranges': 'bytes',
10 silly registry.get     age: '0',
10 silly registry.get     'x-served-by': 'cache-v44-ASH, cache-sv62-SJC3',
10 silly registry.get     'x-cache': 'MISS, MISS',
10 silly registry.get     'x-cache-hits': '0, 0',
10 silly registry.get     'x-timer': 'S1399187851.660923481,VS0,VS40,VE127,VE165',
10 silly registry.get     'keep-alive': 'timeout=10, max=50',
10 silly registry.get     connection: 'Keep-Alive' } ]
11 error 404 'change-treadmill' is not in the npm registry.
11 error 404 You should bug the author to publish it
11 error 404
11 error 404 Note that you can also install from a
11 error 404 tarball, folder, or http url, or git url.
12 error System Darwin 13.0.0
13 error command "/Users/J/local/node/bin/node" "/Users/J/local/node/bin/npm" "info" "change-treadmill"
14 error cwd /Users/J/Code/treadmill
15 error node -v v0.10.26
16 error npm -v 1.4.3
17 error code E404
18 verbose exit [ 1, true ]
